{"name":"hexo","hostname":"DESKTOP-B0FQALA","pid":10168,"level":20,"msg":"Writing database to D:\\Work\\GitBlog\\febers.github.io/db.json","time":"2019-05-23T12:23:04.974Z","v":0}
{"name":"hexo","hostname":"DESKTOP-B0FQALA","pid":10168,"level":20,"msg":"Hexo version: 3.8.0","time":"2019-05-23T12:23:05.015Z","v":0}
{"name":"hexo","hostname":"DESKTOP-B0FQALA","pid":10168,"level":20,"msg":"Working directory: D:\\Work\\GitBlog\\febers.github.io\\","time":"2019-05-23T12:23:05.015Z","v":0}
{"name":"hexo","hostname":"DESKTOP-B0FQALA","pid":10168,"level":20,"msg":"Config loaded: D:\\Work\\GitBlog\\febers.github.io\\_config.yml","time":"2019-05-23T12:23:05.409Z","v":0}
{"name":"hexo","hostname":"DESKTOP-B0FQALA","pid":10168,"level":20,"msg":"Plugin loaded: hexo-asset-image","time":"2019-05-23T12:23:05.665Z","v":0}
{"name":"hexo","hostname":"DESKTOP-B0FQALA","pid":10168,"level":20,"msg":"Plugin loaded: hexo-deployer-git","time":"2019-05-23T12:23:05.990Z","v":0}
{"name":"hexo","hostname":"DESKTOP-B0FQALA","pid":10168,"level":20,"msg":"Plugin loaded: hexo-deployer-heroku","time":"2019-05-23T12:23:06.055Z","v":0}
{"name":"hexo","hostname":"DESKTOP-B0FQALA","pid":10168,"level":20,"msg":"Plugin loaded: hexo-deployer-openshift","time":"2019-05-23T12:23:06.122Z","v":0}
{"name":"hexo","hostname":"DESKTOP-B0FQALA","pid":10168,"level":20,"msg":"Plugin loaded: hexo-deployer-rsync","time":"2019-05-23T12:23:06.145Z","v":0}
{"name":"hexo","hostname":"DESKTOP-B0FQALA","pid":10168,"level":20,"msg":"Plugin loaded: hexo-filter-github-emojis","time":"2019-05-23T12:23:06.556Z","v":0}
{"name":"hexo","hostname":"DESKTOP-B0FQALA","pid":10168,"level":20,"msg":"Plugin loaded: hexo-filter-flowchart","time":"2019-05-23T12:23:06.566Z","v":0}
{"name":"hexo","hostname":"DESKTOP-B0FQALA","pid":10168,"level":20,"msg":"Plugin loaded: hexo-filter-sequence","time":"2019-05-23T12:23:06.571Z","v":0}
{"name":"hexo","hostname":"DESKTOP-B0FQALA","pid":10168,"level":20,"msg":"Plugin loaded: hexo-generator-category","time":"2019-05-23T12:23:06.586Z","v":0}
{"name":"hexo","hostname":"DESKTOP-B0FQALA","pid":10168,"level":20,"msg":"Plugin loaded: hexo-generator-archive","time":"2019-05-23T12:23:06.594Z","v":0}
{"name":"hexo","hostname":"DESKTOP-B0FQALA","pid":10168,"level":20,"msg":"Plugin loaded: hexo-generator-feed","time":"2019-05-23T12:23:06.606Z","v":0}
{"name":"hexo","hostname":"DESKTOP-B0FQALA","pid":10168,"level":20,"msg":"Plugin loaded: hexo-generator-index","time":"2019-05-23T12:23:06.615Z","v":0}
{"name":"hexo","hostname":"DESKTOP-B0FQALA","pid":10168,"level":20,"msg":"Plugin loaded: hexo-generator-json-content","time":"2019-05-23T12:23:06.700Z","v":0}
{"name":"hexo","hostname":"DESKTOP-B0FQALA","pid":10168,"level":20,"msg":"Plugin loaded: hexo-generator-searchdb","time":"2019-05-23T12:23:06.715Z","v":0}
{"name":"hexo","hostname":"DESKTOP-B0FQALA","pid":10168,"level":20,"msg":"Plugin loaded: hexo-renderer-ejs","time":"2019-05-23T12:23:06.727Z","v":0}
{"name":"hexo","hostname":"DESKTOP-B0FQALA","pid":10168,"level":20,"msg":"Plugin loaded: hexo-generator-sitemap","time":"2019-05-23T12:23:06.740Z","v":0}
{"name":"hexo","hostname":"DESKTOP-B0FQALA","pid":10168,"level":20,"msg":"Plugin loaded: hexo-generator-tag","time":"2019-05-23T12:23:06.751Z","v":0}
{"name":"hexo","hostname":"DESKTOP-B0FQALA","pid":10168,"level":20,"msg":"Plugin loaded: hexo-renderer-marked","time":"2019-05-23T12:23:06.781Z","v":0}
{"name":"hexo","hostname":"DESKTOP-B0FQALA","pid":10168,"level":20,"msg":"Plugin loaded: hexo-server","time":"2019-05-23T12:23:07.098Z","v":0}
{"name":"hexo","hostname":"DESKTOP-B0FQALA","pid":10168,"level":20,"msg":"Plugin loaded: hexo-renderer-stylus","time":"2019-05-23T12:23:07.101Z","v":0}
{"name":"hexo","hostname":"DESKTOP-B0FQALA","pid":10168,"level":20,"msg":"Script loaded: themes\\next\\scripts\\merge-configs.js","time":"2019-05-23T12:23:07.134Z","v":0}
{"name":"hexo","hostname":"DESKTOP-B0FQALA","pid":10168,"level":20,"msg":"Script loaded: themes\\next\\scripts\\tags\\button.js","time":"2019-05-23T12:23:07.135Z","v":0}
{"name":"hexo","hostname":"DESKTOP-B0FQALA","pid":10168,"level":20,"msg":"Script loaded: themes\\next\\scripts\\tags\\center-quote.js","time":"2019-05-23T12:23:07.135Z","v":0}
{"name":"hexo","hostname":"DESKTOP-B0FQALA","pid":10168,"level":20,"msg":"Script loaded: themes\\next\\scripts\\tags\\exturl.js","time":"2019-05-23T12:23:07.142Z","v":0}
{"name":"hexo","hostname":"DESKTOP-B0FQALA","pid":10168,"level":20,"msg":"Script loaded: themes\\next\\scripts\\tags\\lazy-image.js","time":"2019-05-23T12:23:07.143Z","v":0}
{"name":"hexo","hostname":"DESKTOP-B0FQALA","pid":10168,"level":20,"msg":"Script loaded: themes\\next\\scripts\\tags\\label.js","time":"2019-05-23T12:23:07.143Z","v":0}
{"name":"hexo","hostname":"DESKTOP-B0FQALA","pid":10168,"level":20,"msg":"Script loaded: themes\\next\\scripts\\tags\\full-image.js","time":"2019-05-23T12:23:07.143Z","v":0}
{"name":"hexo","hostname":"DESKTOP-B0FQALA","pid":10168,"level":20,"msg":"Script loaded: themes\\next\\scripts\\tags\\note.js","time":"2019-05-23T12:23:07.144Z","v":0}
{"name":"hexo","hostname":"DESKTOP-B0FQALA","pid":10168,"level":20,"msg":"Script loaded: themes\\next\\scripts\\tags\\group-pictures.js","time":"2019-05-23T12:23:07.144Z","v":0}
{"name":"hexo","hostname":"DESKTOP-B0FQALA","pid":10168,"level":20,"msg":"Script loaded: themes\\next\\scripts\\tags\\tabs.js","time":"2019-05-23T12:23:07.145Z","v":0}
{"name":"hexo","hostname":"DESKTOP-B0FQALA","pid":10168,"level":20,"msg":"Script loaded: themes\\next\\scripts\\merge.js","time":"2019-05-23T12:23:07.147Z","v":0}
{"name":"hexo","hostname":"DESKTOP-B0FQALA","pid":10168,"level":20,"msg":"Database saved","time":"2019-05-23T12:23:07.150Z","v":0}
